<?xml version="1.0" encoding="UTF-8"?>
<!-- Generated by org.testng.reporters.JUnitXMLReporter -->
<testsuite hostname="SubhangiS-lpt" ignored="0" name="Login Test" tests="6" failures="0" timestamp="2021-02-24T10:33:18 IST" time="0.048" errors="0">
  <testcase name="@BeforeSuite OpenBrowserGrade" time="48.056" classname="com.basepk.BaseClass">
    <failure type="org.openqa.selenium.WebDriverException" message="unknown error: net::ERR_CONNECTION_TIMED_OUT
  (Session info: chrome=88.0.4324.182)
Build info: version: &amp;apos;3.141.59&amp;apos;, revision: &amp;apos;e82be7d358&amp;apos;, time: &amp;apos;2018-11-14T08:17:03&amp;apos;
System info: host: &amp;apos;SUBHANGIS-LPT&amp;apos;, ip: &amp;apos;192.168.43.44&amp;apos;, os.name: &amp;apos;Windows 10&amp;apos;, os.arch: &amp;apos;amd64&amp;apos;, os.version: &amp;apos;10.0&amp;apos;, java.version: &amp;apos;1.8.0_261&amp;apos;
Driver info: org.openqa.selenium.chrome.ChromeDriver
Capabilities {acceptInsecureCerts: false, browserName: chrome, browserVersion: 88.0.4324.182, chrome: {chromedriverVersion: 88.0.4324.96 (68dba2d8a0b14..., userDataDir: C:\Windows\TEMP\scoped_dir1...}, goog:chromeOptions: {debuggerAddress: localhost:52403}, javascriptEnabled: true, networkConnectionEnabled: false, pageLoadStrategy: normal, platform: WINDOWS, platformName: WINDOWS, proxy: Proxy(), setWindowRect: true, strictFileInteractability: false, timeouts: {implicit: 0, pageLoad: 300000, script: 30000}, unhandledPromptBehavior: dismiss and notify, webauthn:extension:largeBlob: true, webauthn:virtualAuthenticators: true}
Session ID: 1ea9569e31d20ea533f7d16c69138337">
      <![CDATA[org.openqa.selenium.WebDriverException: unknown error: net::ERR_CONNECTION_TIMED_OUT
  (Session info: chrome=88.0.4324.182)
Build info: version: '3.141.59', revision: 'e82be7d358', time: '2018-11-14T08:17:03'
System info: host: 'SUBHANGIS-LPT', ip: '192.168.43.44', os.name: 'Windows 10', os.arch: 'amd64', os.version: '10.0', java.version: '1.8.0_261'
Driver info: org.openqa.selenium.chrome.ChromeDriver
Capabilities {acceptInsecureCerts: false, browserName: chrome, browserVersion: 88.0.4324.182, chrome: {chromedriverVersion: 88.0.4324.96 (68dba2d8a0b14..., userDataDir: C:\Windows\TEMP\scoped_dir1...}, goog:chromeOptions: {debuggerAddress: localhost:52403}, javascriptEnabled: true, networkConnectionEnabled: false, pageLoadStrategy: normal, platform: WINDOWS, platformName: WINDOWS, proxy: Proxy(), setWindowRect: true, strictFileInteractability: false, timeouts: {implicit: 0, pageLoad: 300000, script: 30000}, unhandledPromptBehavior: dismiss and notify, webauthn:extension:largeBlob: true, webauthn:virtualAuthenticators: true}
Session ID: 1ea9569e31d20ea533f7d16c69138337
at org.openqa.selenium.remote.http.W3CHttpResponseCodec.createException(W3CHttpResponseCodec.java:187)
at org.openqa.selenium.remote.http.W3CHttpResponseCodec.decode(W3CHttpResponseCodec.java:122)
at org.openqa.selenium.remote.http.W3CHttpResponseCodec.decode(W3CHttpResponseCodec.java:49)
at org.openqa.selenium.remote.HttpCommandExecutor.execute(HttpCommandExecutor.java:158)
at org.openqa.selenium.remote.service.DriverCommandExecutor.execute(DriverCommandExecutor.java:83)
at org.openqa.selenium.remote.RemoteWebDriver.execute(RemoteWebDriver.java:552)
at org.openqa.selenium.remote.RemoteWebDriver.get(RemoteWebDriver.java:277)
at com.basepk.BaseClass.OpenBrowserGrade(BaseClass.java:56)
... Removed 28 stack frames]]>
    </failure>
  </testcase> <!-- @BeforeSuite OpenBrowserGrade -->
  <testcase name="verifyLogin" time="0.0" classname="com.vanran.tests.ItemsEditTest">
    <skipped/>
  </testcase> <!-- verifyLogin -->
  <testcase name="verifyclickOnApplicationSetting" time="0.0" classname="com.vanran.tests.ItemsEditTest">
    <skipped/>
  </testcase> <!-- verifyclickOnApplicationSetting -->
  <testcase name="verifyclickOnItems" time="0.0" classname="com.vanran.tests.ItemsEditTest">
    <skipped/>
  </testcase> <!-- verifyclickOnItems -->
  <testcase name="verifyclickOnEdit" time="0.0" classname="com.vanran.tests.ItemsEditTest">
    <skipped/>
  </testcase> <!-- verifyclickOnEdit -->
  <testcase name="verifyclickOnCheckBox" time="0.0" classname="com.vanran.tests.ItemsEditTest">
    <skipped/>
  </testcase> <!-- verifyclickOnCheckBox -->
  <testcase name="verifyclickOnUpdate" time="0.0" classname="com.vanran.tests.ItemsEditTest">
    <skipped/>
  </testcase> <!-- verifyclickOnUpdate -->
</testsuite> <!-- Login Test -->
